<?xml version="1.0" encoding="UTF-8"?>
<testng-results skipped="0" failed="0" ignored="0" total="1" passed="1">
  <reporter-output>
  </reporter-output>
  <suite name="Default suite" duration-ms="50460" started-at="2019-04-01T04:38:07Z" finished-at="2019-04-01T04:38:57Z">
    <groups>
    </groups>
    <test name="Default test" duration-ms="50460" started-at="2019-04-01T04:38:07Z" finished-at="2019-04-01T04:38:57Z">
      <class name="abc.NewTest1">
        <test-method status="PASS" signature="g()[pri:0, instance:abc.NewTest1@4b9e13df]" name="g" is-config="true" duration-ms="9" started-at="2019-04-01T04:38:07Z" finished-at="2019-04-01T04:38:07Z">
          <reporter-output>
          </reporter-output>
        </test-method> <!-- g -->
        <test-method status="PASS" signature="k()[pri:0, instance:abc.NewTest1@4b9e13df]" name="k" is-config="true" duration-ms="0" started-at="2019-04-01T04:38:07Z" finished-at="2019-04-01T04:38:07Z">
          <reporter-output>
          </reporter-output>
        </test-method> <!-- k -->
        <test-method status="PASS" signature="f()[pri:0, instance:abc.NewTest1@4b9e13df]" name="f" duration-ms="50420" started-at="2019-04-01T04:38:07Z" finished-at="2019-04-01T04:38:57Z">
          <reporter-output>
          </reporter-output>
        </test-method> <!-- f -->
        <test-method status="PASS" signature="d()[pri:0, instance:abc.NewTest1@4b9e13df]" name="d" is-config="true" duration-ms="0" started-at="2019-04-01T04:38:57Z" finished-at="2019-04-01T04:38:57Z">
          <reporter-output>
          </reporter-output>
        </test-method> <!-- d -->
        <test-method status="PASS" signature="h()[pri:0, instance:abc.NewTest1@4b9e13df]" name="h" is-config="true" duration-ms="0" started-at="2019-04-01T04:38:57Z" finished-at="2019-04-01T04:38:57Z">
          <reporter-output>
          </reporter-output>
        </test-method> <!-- h -->
      </class> <!-- abc.NewTest1 -->
    </test> <!-- Default test -->
  </suite> <!-- Default suite -->
</testng-results>
